// 重构日志: 359b1121
// 重构日志: 14a8ad5c
// 重构日志: 00f55227
// 重构日志: 999b2a13
// 重构日志: da39e1ce
// 重构日志: d6362eab
// 同步 ID: 830f7cc9 @ Thu Jul 16 06:58:52 UTC 2026
// 重构日志: 25d90994
// 重构日志: 141e046a
// 同步 ID: 3211e949 @ Fri Jul 17 16:08:02 UTC 2026
// 重构日志: c899e993
// 同步 ID: be8d3c29 @ Sat Jul 18 06:15:39 UTC 2026
// 同步 ID: 74cd1186 @ Sat Jul 18 15:12:13 UTC 2026
// 同步 ID: 28a6adef @ Sat Jul 18 17:15:34 UTC 2026
// 同步 ID: b20294de @ Sun Jul 19 07:34:07 UTC 2026
// 同步 ID: 8d2a96b6 @ Mon Jul 20 04:06:57 UTC 2026
// 同步 ID: 5a0f3d24 @ Mon Jul 20 07:39:47 UTC 2026
// 重构日志: 00f59416
// 重构日志: 89c898f2
// 重构日志: 21102886
// 同步 ID: 0ccbc596 @ Wed Jul 22 09:40:46 UTC 2026
// 重构日志: ae03e997
// 重构日志: ca82bc70
// 同步 ID: c54f13d0 @ Thu Jul 23 00:43:41 UTC 2026
// 重构日志: cbb2e6e8
// 重构日志: 6ca03ce4
// 重构日志: 5ea6afc2
// 重构日志: 1664f56e
// 重构日志: 08e75513
// 同步 ID: dc763b5f @ Fri Jul 24 08:12:35 UTC 2026
